15:41 INFO    : Waveform generator initiated with
  frequency_domain_source_model: bilby.gw.source.lal_binary_black_hole
  time_domain_source_model: None
  parameter_conversion: bilby.gw.conversion.convert_to_lal_binary_black_hole_parameters
15:41 INFO    : Injected signal in H1:
15:41 INFO    :   optimal SNR = 372.24
15:41 INFO    :   matched filter SNR = 373.30+0.24j
15:41 INFO    :   mass_1 = 36.0
15:41 INFO    :   mass_2 = 29.0
15:41 INFO    :   a_1 = 0.4
15:41 INFO    :   a_2 = 0.3
15:41 INFO    :   tilt_1 = 0.5
15:41 INFO    :   tilt_2 = 1.0
15:41 INFO    :   phi_12 = 1.7
15:41 INFO    :   phi_jl = 0.3
15:41 INFO    :   luminosity_distance = 2000.0
15:41 INFO    :   theta_jn = 0.4
15:41 INFO    :   psi = 2.659
15:41 INFO    :   phase = 1.3
15:41 INFO    :   geocent_time = 1126259642.413
15:41 INFO    :   ra = 1.375
15:41 INFO    :   dec = 0.2108
15:41 INFO    : No prior given, using default BBH priors in /home/sadhana/miniconda3/lib/python3.9/site-packages/bilby/gw/prior_files/precessing_spins_bbh.prior.
15:41 INFO    : Injected signal in L1:
15:41 INFO    :   optimal SNR = 596.61
15:41 INFO    :   matched filter SNR = 595.57-0.01j
15:41 INFO    :   mass_1 = 36.0
15:41 INFO    :   mass_2 = 29.0
15:41 INFO    :   a_1 = 0.4
15:41 INFO    :   a_2 = 0.3
15:41 INFO    :   tilt_1 = 0.5
15:41 INFO    :   tilt_2 = 1.0
15:41 INFO    :   phi_12 = 1.7
15:41 INFO    :   phi_jl = 0.3
15:41 INFO    :   luminosity_distance = 2000.0
15:41 INFO    :   theta_jn = 0.4
15:41 INFO    :   psi = 2.659
15:41 INFO    :   phase = 1.3
15:41 INFO    :   geocent_time = 1126259642.413
15:41 INFO    :   ra = 1.375
15:41 INFO    :   dec = 0.2108
15:41 INFO    : No prior given, using default BBH priors in /home/sadhana/miniconda3/lib/python3.9/site-packages/bilby/gw/prior_files/precessing_spins_bbh.prior.
15:41 INFO    : Distance marginalisation file .distance_marginalization_lookup.npz does not exist
15:41 INFO    : Building lookup table for distance marginalisation.
15:44 INFO    : Running for label 'next_genBBH', output will be saved to 'outdir'
15:44 INFO    : Using lal version 7.3.1
15:44 INFO    : Using lal git version Branch: None;Tag: lalsuite-v7.15;Id: 9a0927aac5e23cd7c93ada22a24aef9e3a12a2c7;;Builder: Unknown User <>;Repository status: CLEAN: All modifications committed
15:44 INFO    : Using lalsimulation version 5.2.0
15:44 INFO    : Using lalsimulation git version Branch: None;Tag: lalsuite-v7.15;Id: 9a0927aac5e23cd7c93ada22a24aef9e3a12a2c7;;Builder: Unknown User <>;Repository status: CLEAN: All modifications committed
15:44 INFO    : Analysis priors:
15:44 INFO    : mass_ratio=bilby.gw.prior.UniformInComponentsMassRatio(minimum=0.125, maximum=1, name='mass_ratio', latex_label='$q$', unit=None, boundary=None, equal_mass=False)
15:44 INFO    : chirp_mass=bilby.gw.prior.UniformInComponentsChirpMass(minimum=25, maximum=100, name='chirp_mass', latex_label='$\\mathcal{M}$', unit=None, boundary=None)
15:44 INFO    : dec=Cosine(minimum=-1.5707963267948966, maximum=1.5707963267948966, name='dec', latex_label='$\\mathrm{DEC}$', unit=None, boundary=None)
15:44 INFO    : ra=Uniform(minimum=0, maximum=6.283185307179586, name='ra', latex_label='$\\mathrm{RA}$', unit=None, boundary='periodic')
15:44 INFO    : theta_jn=Sine(minimum=0, maximum=3.141592653589793, name='theta_jn', latex_label='$\\theta_{JN}$', unit=None, boundary=None)
15:44 INFO    : time_jitter=Uniform(minimum=-0.00048828125, maximum=0.00048828125, name='time_jitter', latex_label='$t_j$', unit=None, boundary='periodic')
15:44 INFO    : mass_1=Constraint(minimum=5, maximum=100, name='mass_1', latex_label='$m_1$', unit=None)
15:44 INFO    : mass_2=Constraint(minimum=5, maximum=100, name='mass_2', latex_label='$m_2$', unit=None)
15:44 INFO    : luminosity_distance=3382.9535676089
15:44 INFO    : psi=2.659
15:44 INFO    : phase=0.0
15:44 INFO    : a_1=0.4
15:44 INFO    : a_2=0.3
15:44 INFO    : tilt_1=0.5
15:44 INFO    : tilt_2=1.0
15:44 INFO    : phi_12=1.7
15:44 INFO    : phi_jl=0.3
15:44 INFO    : geocent_time=1126259640.413
15:44 INFO    : Analysis likelihood class: <class 'bilby.gw.likelihood.base.GravitationalWaveTransient'>
15:44 INFO    : Analysis likelihood noise evidence: -255077.90812785132
15:44 INFO    : Single likelihood evaluation took 7.048e-03 s
15:44 WARNING : Supplied argument 'npoints' not an argument of 'Dynesty', removing.
15:44 WARNING : Supplied argument 'n_checkpoint' not an argument of 'Dynesty', removing.
15:44 INFO    : Using sampler Dynesty with kwargs {'nlive': 512, 'bound': 'live', 'sample': 'act-walk', 'periodic': None, 'reflective': None, 'update_interval': 600, 'first_update': None, 'npdim': None, 'rstate': None, 'queue_size': 1, 'pool': None, 'use_pool': None, 'live_points': None, 'logl_args': None, 'logl_kwargs': None, 'ptform_args': None, 'ptform_kwargs': None, 'gradient': None, 'grad_args': None, 'grad_kwargs': None, 'compute_jac': False, 'enlarge': None, 'bootstrap': None, 'walks': 100, 'facc': 0.2, 'slices': None, 'fmove': 0.9, 'max_move': 100, 'update_func': None, 'ncdim': None, 'blob': False, 'save_history': False, 'history_filename': None, 'maxiter': None, 'maxcall': None, 'dlogz': 0.2, 'logl_max': inf, 'n_effective': None, 'add_live': True, 'print_progress': True, 'print_func': <bound method Dynesty._print_func of <bilby.core.sampler.dynesty.Dynesty object at 0x7f17a0342670>>, 'save_bounds': False, 'checkpoint_file': None, 'checkpoint_every': 60, 'resume': False}
15:44 INFO    : Checkpoint every check_point_delta_t = 600s
15:44 INFO    : Using dynesty version 2.1.2
15:44 INFO    : Using the bilby-implemented rwalk sampling tracking the autocorrelation function and thinning by 2 with maximum length 2000
15:44 INFO    : Resume file outdir/next_genBBH_resume.pickle does not exist.
15:44 INFO    : Generating initial points from the prior
15:54 INFO    : Written checkpoint file outdir/next_genBBH_resume.pickle
15:54 WARNING : The data appears to lie in a lower-dimensional subspace of the space in which it is expressed. This has resulted in a singular data covariance matrix, which cannot be treated using the algorithms implemented in `gaussian_kde`. Consider performing principle component analysis / dimensionality reduction and using `gaussian_kde` with the transformed data.
15:54 WARNING : Failed to create dynesty state plot at checkpoint
15:54 WARNING : The data appears to lie in a lower-dimensional subspace of the space in which it is expressed. This has resulted in a singular data covariance matrix, which cannot be treated using the algorithms implemented in `gaussian_kde`. Consider performing principle component analysis / dimensionality reduction and using `gaussian_kde` with the transformed data.
15:54 WARNING : Failed to create dynesty unit state plot at checkpoint
15:54 WARNING : The data appears to lie in a lower-dimensional subspace of the space in which it is expressed. This has resulted in a singular data covariance matrix, which cannot be treated using the algorithms implemented in `gaussian_kde`. Consider performing principle component analysis / dimensionality reduction and using `gaussian_kde` with the transformed data.
15:54 WARNING : Failed to create dynesty run plot at checkpoint
16:05 INFO    : Written checkpoint file outdir/next_genBBH_resume.pickle
16:05 WARNING : Axis limits cannot be NaN or Inf
16:05 WARNING : Failed to create dynesty run plot at checkpoint
16:15 INFO    : Written checkpoint file outdir/next_genBBH_resume.pickle
16:16 WARNING : Axis limits cannot be NaN or Inf
16:16 WARNING : Failed to create dynesty run plot at checkpoint
16:26 INFO    : Written checkpoint file outdir/next_genBBH_resume.pickle
16:26 WARNING : Axis limits cannot be NaN or Inf
16:26 WARNING : Failed to create dynesty run plot at checkpoint
16:37 INFO    : Written checkpoint file outdir/next_genBBH_resume.pickle
16:37 WARNING : Axis limits cannot be NaN or Inf
16:37 WARNING : Failed to create dynesty run plot at checkpoint
16:47 INFO    : Written checkpoint file outdir/next_genBBH_resume.pickle
16:47 WARNING : Axis limits cannot be NaN or Inf
16:47 WARNING : Failed to create dynesty run plot at checkpoint
16:58 INFO    : Written checkpoint file outdir/next_genBBH_resume.pickle
16:58 WARNING : The data appears to lie in a lower-dimensional subspace of the space in which it is expressed. This has resulted in a singular data covariance matrix, which cannot be treated using the algorithms implemented in `gaussian_kde`. Consider performing principle component analysis / dimensionality reduction and using `gaussian_kde` with the transformed data.
16:58 WARNING : Failed to create dynesty state plot at checkpoint
16:58 WARNING : The data appears to lie in a lower-dimensional subspace of the space in which it is expressed. This has resulted in a singular data covariance matrix, which cannot be treated using the algorithms implemented in `gaussian_kde`. Consider performing principle component analysis / dimensionality reduction and using `gaussian_kde` with the transformed data.
16:58 WARNING : Failed to create dynesty unit state plot at checkpoint
16:58 WARNING : The data appears to lie in a lower-dimensional subspace of the space in which it is expressed. This has resulted in a singular data covariance matrix, which cannot be treated using the algorithms implemented in `gaussian_kde`. Consider performing principle component analysis / dimensionality reduction and using `gaussian_kde` with the transformed data.
16:58 WARNING : Failed to create dynesty run plot at checkpoint
17:09 INFO    : Written checkpoint file outdir/next_genBBH_resume.pickle
17:09 WARNING : Axis limits cannot be NaN or Inf
17:09 WARNING : Failed to create dynesty run plot at checkpoint
17:19 INFO    : Written checkpoint file outdir/next_genBBH_resume.pickle
17:19 WARNING : Axis limits cannot be NaN or Inf
17:19 WARNING : Failed to create dynesty run plot at checkpoint
17:30 INFO    : Written checkpoint file outdir/next_genBBH_resume.pickle
17:30 WARNING : Axis limits cannot be NaN or Inf
17:30 WARNING : Failed to create dynesty run plot at checkpoint
17:41 INFO    : Written checkpoint file outdir/next_genBBH_resume.pickle
17:41 WARNING : Axis limits cannot be NaN or Inf
17:41 WARNING : Failed to create dynesty run plot at checkpoint
17:51 INFO    : Written checkpoint file outdir/next_genBBH_resume.pickle
17:52 WARNING : Axis limits cannot be NaN or Inf
17:52 WARNING : Failed to create dynesty run plot at checkpoint
18:02 INFO    : Written checkpoint file outdir/next_genBBH_resume.pickle
18:02 WARNING : Axis limits cannot be NaN or Inf
18:02 WARNING : Failed to create dynesty run plot at checkpoint
18:13 INFO    : Written checkpoint file outdir/next_genBBH_resume.pickle
18:13 WARNING : Axis limits cannot be NaN or Inf
18:13 WARNING : Failed to create dynesty run plot at checkpoint
18:24 INFO    : Written checkpoint file outdir/next_genBBH_resume.pickle
18:24 WARNING : Axis limits cannot be NaN or Inf
18:24 WARNING : Failed to create dynesty run plot at checkpoint
18:34 INFO    : Written checkpoint file outdir/next_genBBH_resume.pickle
18:34 WARNING : Axis limits cannot be NaN or Inf
18:34 WARNING : Failed to create dynesty run plot at checkpoint
18:45 INFO    : Written checkpoint file outdir/next_genBBH_resume.pickle
18:45 WARNING : Axis limits cannot be NaN or Inf
18:45 WARNING : Failed to create dynesty run plot at checkpoint
18:45 INFO    : Written checkpoint file outdir/next_genBBH_resume.pickle
18:45 WARNING : Axis limits cannot be NaN or Inf
18:45 WARNING : Failed to create dynesty run plot at checkpoint
18:45 INFO    : Rejection sampling nested samples to obtain 2266 posterior samples
18:45 INFO    : Sampling time: 3:01:21.016372
18:45 INFO    : Computing per-detector log likelihoods.
18:46 INFO    : Reconstructing marginalised parameters.
18:47 INFO    : Generating sky frame parameters.
18:47 INFO    : Computing SNRs for every sample.
18:47 INFO    : Summary of results:
nsamples: 2266
ln_noise_evidence: -255077.908
ln_evidence: -8100.438 +/-  0.340
ln_bayes_factor: 246977.470 +/-  0.340

